<?xml version="1.0" encoding="UTF-8"?>
<!-- Generated by org.testng.reporters.JUnitReportReporter -->
<testsuite hostname="ajit-Ideapad" failures="0" tests="2" name="driver.TestDriver" time="9.266" errors="0" timestamp="2023-06-23T11:24:18 IST" skipped="0">
  <testcase classname="driver.TestDriver" name="test" time="1.152"/>
  <system-out>
    <![CDATA[10 ]]>
  </system-out>
  <testcase classname="driver.TestDriver" name="getData" time="8.114"/>
  <system-out/>
</testsuite> <!-- driver.TestDriver -->
