<?xml version="1.0" encoding="UTF-8"?>
<!-- Generated by org.testng.reporters.JUnitReportReporter -->
<testsuite hostname="ajit-Ideapad" failures="0" tests="2" name="driver.TestDriver" time="11.223" errors="0" timestamp="2023-06-23T18:39:14 IST" skipped="0">
  <testcase classname="driver.TestDriver" name="test" time="1.185"/>
  <system-out>
    <![CDATA[12 ]]>
  </system-out>
  <testcase classname="driver.TestDriver" name="getData" time="10.038"/>
  <system-out/>
</testsuite> <!-- driver.TestDriver -->
