<?xml version="1.0" encoding="UTF-8"?>
<!-- Generated by org.testng.reporters.JUnitReportReporter -->
<testsuite hostname="ajit-Ideapad" failures="0" tests="2" name="driver.TestDriver" time="1.898" errors="0" timestamp="2023-06-22T17:55:28 IST" skipped="0">
  <testcase classname="driver.TestDriver" name="test" time="1.257"/>
  <system-out>
    <![CDATA[10 ]]>
  </system-out>
  <testcase classname="driver.TestDriver" name="getData" time="0.641"/>
  <system-out>
    <![CDATA[admin1 pass1
admin2 pass2
admin3 pass3
admin4 pass4
admin5 pass5
admin6 pass6
admin7 pass7
admin8 pass8
admin9 pass9]]>
  </system-out>
</testsuite> <!-- driver.TestDriver -->
